::1 - - [30/Nov/2016:07:10:07 +0000] "GET / HTTP/1.1" 200 1936 "-" "Mozilla/5.0 (Windows NT 6.1; WOW64) AppleWebKit/537.36 (KHTML, like Gecko) Chrome/56.0.2924.3 Safari/537.36"
::1 - - [30/Nov/2016:07:10:07 +0000] "GET /js/lib/jquery.min.js HTTP/1.1" 200 95992 "http://localhost:3000/" "Mozilla/5.0 (Windows NT 6.1; WOW64) AppleWebKit/537.36 (KHTML, like Gecko) Chrome/56.0.2924.3 Safari/537.36"
::1 - - [30/Nov/2016:07:10:07 +0000] "GET /js/lib/angular-route.js HTTP/1.1" 200 35758 "http://localhost:3000/" "Mozilla/5.0 (Windows NT 6.1; WOW64) AppleWebKit/537.36 (KHTML, like Gecko) Chrome/56.0.2924.3 Safari/537.36"
::1 - - [30/Nov/2016:07:10:07 +0000] "GET /js/lib/jquery.bxslider.min.js HTTP/1.1" 200 19359 "http://localhost:3000/" "Mozilla/5.0 (Windows NT 6.1; WOW64) AppleWebKit/537.36 (KHTML, like Gecko) Chrome/56.0.2924.3 Safari/537.36"
::1 - - [30/Nov/2016:07:10:07 +0000] "GET /js/controllers/indexController.js HTTP/1.1" 200 2176 "http://localhost:3000/" "Mozilla/5.0 (Windows NT 6.1; WOW64) AppleWebKit/537.36 (KHTML, like Gecko) Chrome/56.0.2924.3 Safari/537.36"
::1 - - [30/Nov/2016:07:10:07 +0000] "GET /js/app.js HTTP/1.1" 200 144 "http://localhost:3000/" "Mozilla/5.0 (Windows NT 6.1; WOW64) AppleWebKit/537.36 (KHTML, like Gecko) Chrome/56.0.2924.3 Safari/537.36"
::1 - - [30/Nov/2016:07:10:07 +0000] "GET /js/lib/ng-file-upload.js HTTP/1.1" 200 56467 "http://localhost:3000/" "Mozilla/5.0 (Windows NT 6.1; WOW64) AppleWebKit/537.36 (KHTML, like Gecko) Chrome/56.0.2924.3 Safari/537.36"
::1 - - [30/Nov/2016:07:10:07 +0000] "GET /js/lib/bootstrap.min.js HTTP/1.1" 200 36816 "http://localhost:3000/" "Mozilla/5.0 (Windows NT 6.1; WOW64) AppleWebKit/537.36 (KHTML, like Gecko) Chrome/56.0.2924.3 Safari/537.36"
::1 - - [30/Nov/2016:07:10:07 +0000] "GET /js/lib/ng-file-upload-shim.js HTTP/1.1" 200 14387 "http://localhost:3000/" "Mozilla/5.0 (Windows NT 6.1; WOW64) AppleWebKit/537.36 (KHTML, like Gecko) Chrome/56.0.2924.3 Safari/537.36"
::1 - - [30/Nov/2016:07:10:07 +0000] "GET /js/lib/angular-animate.min.js HTTP/1.1" 200 13465 "http://localhost:3000/" "Mozilla/5.0 (Windows NT 6.1; WOW64) AppleWebKit/537.36 (KHTML, like Gecko) Chrome/56.0.2924.3 Safari/537.36"
::1 - - [30/Nov/2016:07:10:07 +0000] "GET /js/routers/routers.js HTTP/1.1" 200 1567 "http://localhost:3000/" "Mozilla/5.0 (Windows NT 6.1; WOW64) AppleWebKit/537.36 (KHTML, like Gecko) Chrome/56.0.2924.3 Safari/537.36"
::1 - - [30/Nov/2016:07:10:07 +0000] "GET /js/lib/angular.min.js HTTP/1.1" 200 125496 "http://localhost:3000/" "Mozilla/5.0 (Windows NT 6.1; WOW64) AppleWebKit/537.36 (KHTML, like Gecko) Chrome/56.0.2924.3 Safari/537.36"
::1 - - [30/Nov/2016:07:10:07 +0000] "GET /js/lib/jquery-ui.js HTTP/1.1" 200 470596 "http://localhost:3000/" "Mozilla/5.0 (Windows NT 6.1; WOW64) AppleWebKit/537.36 (KHTML, like Gecko) Chrome/56.0.2924.3 Safari/537.36"
::1 - - [30/Nov/2016:07:10:07 +0000] "GET /js/lib/jquery.min.map HTTP/1.1" 404 34 "-" "Mozilla/5.0 (Windows NT 6.1; WOW64) AppleWebKit/537.36 (KHTML, like Gecko) Chrome/56.0.2924.3 Safari/537.36"
::1 - - [30/Nov/2016:07:10:08 +0000] "GET /js/lib/angular.min.js.map HTTP/1.1" 404 38 "-" "Mozilla/5.0 (Windows NT 6.1; WOW64) AppleWebKit/537.36 (KHTML, like Gecko) Chrome/56.0.2924.3 Safari/537.36"
::1 - - [30/Nov/2016:07:10:08 +0000] "GET /js/lib/angular-animate.min.js.map HTTP/1.1" 404 46 "-" "Mozilla/5.0 (Windows NT 6.1; WOW64) AppleWebKit/537.36 (KHTML, like Gecko) Chrome/56.0.2924.3 Safari/537.36"
::1 - - [30/Nov/2016:07:10:08 +0000] "GET /templates/landing.html HTTP/1.1" 200 1715 "http://localhost:3000/" "Mozilla/5.0 (Windows NT 6.1; WOW64) AppleWebKit/537.36 (KHTML, like Gecko) Chrome/56.0.2924.3 Safari/537.36"
::1 - - [30/Nov/2016:07:10:08 +0000] "GET /getbooks HTTP/1.1" 200 304 "http://localhost:3000/" "Mozilla/5.0 (Windows NT 6.1; WOW64) AppleWebKit/537.36 (KHTML, like Gecko) Chrome/56.0.2924.3 Safari/537.36"
::1 - - [30/Nov/2016:07:10:08 +0000] "GET /getusers HTTP/1.1" 200 154 "http://localhost:3000/" "Mozilla/5.0 (Windows NT 6.1; WOW64) AppleWebKit/537.36 (KHTML, like Gecko) Chrome/56.0.2924.3 Safari/537.36"
::1 - - [30/Nov/2016:07:13:25 +0000] "GET / HTTP/1.1" 200 1936 "-" "Mozilla/5.0 (Windows NT 6.1; WOW64) AppleWebKit/537.36 (KHTML, like Gecko) Chrome/56.0.2924.3 Safari/537.36"
::1 - - [30/Nov/2016:07:13:25 +0000] "GET /js/lib/jquery.min.js HTTP/1.1" 200 95992 "http://localhost:3000/" "Mozilla/5.0 (Windows NT 6.1; WOW64) AppleWebKit/537.36 (KHTML, like Gecko) Chrome/56.0.2924.3 Safari/537.36"
::1 - - [30/Nov/2016:07:13:25 +0000] "GET /js/lib/angular.min.js HTTP/1.1" 200 125496 "http://localhost:3000/" "Mozilla/5.0 (Windows NT 6.1; WOW64) AppleWebKit/537.36 (KHTML, like Gecko) Chrome/56.0.2924.3 Safari/537.36"
::1 - - [30/Nov/2016:07:13:25 +0000] "GET /js/lib/bootstrap.min.js HTTP/1.1" 200 36816 "http://localhost:3000/" "Mozilla/5.0 (Windows NT 6.1; WOW64) AppleWebKit/537.36 (KHTML, like Gecko) Chrome/56.0.2924.3 Safari/537.36"
::1 - - [30/Nov/2016:07:13:25 +0000] "GET /js/app.js HTTP/1.1" 200 144 "http://localhost:3000/" "Mozilla/5.0 (Windows NT 6.1; WOW64) AppleWebKit/537.36 (KHTML, like Gecko) Chrome/56.0.2924.3 Safari/537.36"
::1 - - [30/Nov/2016:07:13:25 +0000] "GET /js/routers/routers.js HTTP/1.1" 200 1567 "http://localhost:3000/" "Mozilla/5.0 (Windows NT 6.1; WOW64) AppleWebKit/537.36 (KHTML, like Gecko) Chrome/56.0.2924.3 Safari/537.36"
::1 - - [30/Nov/2016:07:13:25 +0000] "GET /js/lib/ng-file-upload.js HTTP/1.1" 200 56467 "http://localhost:3000/" "Mozilla/5.0 (Windows NT 6.1; WOW64) AppleWebKit/537.36 (KHTML, like Gecko) Chrome/56.0.2924.3 Safari/537.36"
::1 - - [30/Nov/2016:07:13:25 +0000] "GET /js/lib/angular-route.js HTTP/1.1" 200 35758 "http://localhost:3000/" "Mozilla/5.0 (Windows NT 6.1; WOW64) AppleWebKit/537.36 (KHTML, like Gecko) Chrome/56.0.2924.3 Safari/537.36"
::1 - - [30/Nov/2016:07:13:25 +0000] "GET /js/lib/ng-file-upload-shim.js HTTP/1.1" 200 14387 "http://localhost:3000/" "Mozilla/5.0 (Windows NT 6.1; WOW64) AppleWebKit/537.36 (KHTML, like Gecko) Chrome/56.0.2924.3 Safari/537.36"
::1 - - [30/Nov/2016:07:13:25 +0000] "GET /js/lib/angular-animate.min.js HTTP/1.1" 200 13465 "http://localhost:3000/" "Mozilla/5.0 (Windows NT 6.1; WOW64) AppleWebKit/537.36 (KHTML, like Gecko) Chrome/56.0.2924.3 Safari/537.36"
::1 - - [30/Nov/2016:07:13:25 +0000] "GET /js/lib/jquery.bxslider.min.js HTTP/1.1" 200 19359 "http://localhost:3000/" "Mozilla/5.0 (Windows NT 6.1; WOW64) AppleWebKit/537.36 (KHTML, like Gecko) Chrome/56.0.2924.3 Safari/537.36"
::1 - - [30/Nov/2016:07:13:25 +0000] "GET /js/lib/jquery-ui.js HTTP/1.1" 200 470596 "http://localhost:3000/" "Mozilla/5.0 (Windows NT 6.1; WOW64) AppleWebKit/537.36 (KHTML, like Gecko) Chrome/56.0.2924.3 Safari/537.36"
::1 - - [30/Nov/2016:07:13:25 +0000] "GET /js/controllers/indexController.js HTTP/1.1" 200 2176 "http://localhost:3000/" "Mozilla/5.0 (Windows NT 6.1; WOW64) AppleWebKit/537.36 (KHTML, like Gecko) Chrome/56.0.2924.3 Safari/537.36"
::1 - - [30/Nov/2016:07:13:25 +0000] "GET /templates/landing.html HTTP/1.1" 200 1715 "http://localhost:3000/" "Mozilla/5.0 (Windows NT 6.1; WOW64) AppleWebKit/537.36 (KHTML, like Gecko) Chrome/56.0.2924.3 Safari/537.36"
::1 - - [30/Nov/2016:07:13:25 +0000] "GET /getbooks HTTP/1.1" 200 304 "http://localhost:3000/" "Mozilla/5.0 (Windows NT 6.1; WOW64) AppleWebKit/537.36 (KHTML, like Gecko) Chrome/56.0.2924.3 Safari/537.36"
::1 - - [30/Nov/2016:07:13:25 +0000] "GET /getusers HTTP/1.1" 200 154 "http://localhost:3000/" "Mozilla/5.0 (Windows NT 6.1; WOW64) AppleWebKit/537.36 (KHTML, like Gecko) Chrome/56.0.2924.3 Safari/537.36"
